{
  "timestamp": "2025-11-19T11:23:52.830Z",
  "method": "POST",
  "url": "/api/auth/google-login",
  "ip": "::1",
  "language": "en-US,en;q=0.9",
  "errorName": "ReferenceError",
  "errorType": "Unknown",
  "severity": "danger",
  "errorMessage": "picture is not defined",
  "stack": "ReferenceError: picture is not defined\n    at exports.googleLogin (C:\\Users\\islem\\Desktop\\vieIsetch\\back\\controllers\\authController.js:267:60)\n    at process.processTicksAndRejections (node:internal/process/task_queues:95:5)"
},
{
  "timestamp": "2025-11-19T17:18:09.484Z",
  "method": "POST",
  "url": "/api/auth/google-login",
  "ip": "::1",
  "language": "en-US,en;q=0.9",
  "errorName": "ReferenceError",
  "errorType": "Unknown",
  "severity": "danger",
  "errorMessage": "picture is not defined",
  "stack": "ReferenceError: picture is not defined\n    at exports.googleLogin (C:\\Users\\islem\\Desktop\\vieIsetch\\back\\controllers\\authController.js:267:60)\n    at process.processTicksAndRejections (node:internal/process/task_queues:95:5)"
},
{
  "timestamp": "2025-11-19T17:18:46.590Z",
  "method": "POST",
  "url": "/api/auth/google-login",
  "ip": "::1",
  "language": "en-US,en;q=0.9",
  "errorName": "ReferenceError",
  "errorType": "Unknown",
  "severity": "danger",
  "errorMessage": "picture is not defined",
  "stack": "ReferenceError: picture is not defined\n    at exports.googleLogin (C:\\Users\\islem\\Desktop\\vieIsetch\\back\\controllers\\authController.js:267:60)\n    at process.processTicksAndRejections (node:internal/process/task_queues:95:5)"
},
