{
  "timestamp": "2025-10-19T11:55:46.724Z",
  "method": "POST",
  "url": "/api/events",
  "ip": "::1",
  "errorName": "SyntaxError",
  "errorType": "Unknown",
  "severity": "danger",
  "errorMessage": "Expected double-quoted property name in JSON at position 378 (line 17 column 1)",
  "stack": "SyntaxError: Expected double-quoted property name in JSON at position 378 (line 17 column 1)\n    at JSON.parse (<anonymous>)\n    at parse (C:\\Users\\User\\VieIset\\back\\node_modules\\body-parser\\lib\\types\\json.js:77:19)\n    at C:\\Users\\User\\VieIset\\back\\node_modules\\body-parser\\lib\\read.js:123:18\n    at AsyncResource.runInAsyncScope (node:async_hooks:214:14)\n    at invokeCallback (C:\\Users\\User\\VieIset\\back\\node_modules\\raw-body\\index.js:238:16)\n    at done (C:\\Users\\User\\VieIset\\back\\node_modules\\raw-body\\index.js:227:7)\n    at IncomingMessage.onEnd (C:\\Users\\User\\VieIset\\back\\node_modules\\raw-body\\index.js:287:7)\n    at IncomingMessage.emit (node:events:519:28)\n    at endReadableNT (node:internal/streams/readable:1698:12)\n    at process.processTicksAndRejections (node:internal/process/task_queues:90:21)"
},
{
  "timestamp": "2025-10-19T13:09:05.277Z",
  "method": "POST",
  "url": "/api/events",
  "ip": "::1",
  "errorName": "SyntaxError",
  "errorType": "Unknown",
  "severity": "danger",
  "errorMessage": "Expected double-quoted property name in JSON at position 91 (line 6 column 1)",
  "stack": "SyntaxError: Expected double-quoted property name in JSON at position 91 (line 6 column 1)\n    at JSON.parse (<anonymous>)\n    at parse (C:\\Users\\User\\VieIset\\back\\node_modules\\body-parser\\lib\\types\\json.js:77:19)\n    at C:\\Users\\User\\VieIset\\back\\node_modules\\body-parser\\lib\\read.js:123:18\n    at AsyncResource.runInAsyncScope (node:async_hooks:214:14)\n    at invokeCallback (C:\\Users\\User\\VieIset\\back\\node_modules\\raw-body\\index.js:238:16)\n    at done (C:\\Users\\User\\VieIset\\back\\node_modules\\raw-body\\index.js:227:7)\n    at IncomingMessage.onEnd (C:\\Users\\User\\VieIset\\back\\node_modules\\raw-body\\index.js:287:7)\n    at IncomingMessage.emit (node:events:519:28)\n    at endReadableNT (node:internal/streams/readable:1698:12)\n    at process.processTicksAndRejections (node:internal/process/task_queues:90:21)"
},
{
  "timestamp": "2025-10-19T13:11:33.054Z",
  "method": "POST",
  "url": "/api/events",
  "ip": "::1",
  "errorName": "TypeError",
  "errorType": "Unknown",
  "severity": "danger",
  "errorMessage": "Cannot read properties of undefined (reading 'title')",
  "stack": "TypeError: Cannot read properties of undefined (reading 'title')\n    at createEvent (C:\\Users\\User\\VieIset\\back\\controllers\\eventController.js:27:21)\n    at Layer.handleRequest (C:\\Users\\User\\VieIset\\back\\node_modules\\router\\lib\\layer.js:152:17)\n    at next (C:\\Users\\User\\VieIset\\back\\node_modules\\router\\lib\\route.js:157:13)\n    at Route.dispatch (C:\\Users\\User\\VieIset\\back\\node_modules\\router\\lib\\route.js:117:3)\n    at handle (C:\\Users\\User\\VieIset\\back\\node_modules\\router\\index.js:435:11)\n    at Layer.handleRequest (C:\\Users\\User\\VieIset\\back\\node_modules\\router\\lib\\layer.js:152:17)\n    at C:\\Users\\User\\VieIset\\back\\node_modules\\router\\index.js:295:15\n    at processParams (C:\\Users\\User\\VieIset\\back\\node_modules\\router\\index.js:582:12)\n    at next (C:\\Users\\User\\VieIset\\back\\node_modules\\router\\index.js:291:5)\n    at Function.handle (C:\\Users\\User\\VieIset\\back\\node_modules\\router\\index.js:186:3)"
},
