{
  "timestamp": "2025-10-31T16:23:50.942Z",
  "method": "POST",
  "url": "/api/auth/request-password-reset",
  "ip": "::1",
  "language": "fr,fr-FR;q=0.9,en;q=0.8,en-GB;q=0.7,en-US;q=0.6",
  "errorName": "TypeError",
  "errorType": "Unknown",
  "severity": "danger",
  "errorMessage": "Cannot read properties of null (reading 'isActive')",
  "stack": "TypeError: Cannot read properties of null (reading 'isActive')\n    at exports.requestPasswordReset (C:\\Users\\dhaou\\OneDrive\\Desktop\\DSI3\\Sem1\\projet Scrum\\VieIset\\back\\controllers\\authController.js:456:19)\n    at process.processTicksAndRejections (node:internal/process/task_queues:95:5)"
},
{
  "timestamp": "2025-10-31T21:31:52.091Z",
  "method": "POST",
  "url": "/api/auth/google-login",
  "ip": "::1",
  "language": "fr,fr-FR;q=0.9,en;q=0.8,en-GB;q=0.7,en-US;q=0.6",
  "errorName": "ReferenceError",
  "errorType": "Unknown",
  "severity": "danger",
  "errorMessage": "picture is not defined",
  "stack": "ReferenceError: picture is not defined\n    at exports.googleLogin (C:\\Users\\dhaou\\OneDrive\\Desktop\\DSI3\\Sem1\\projet Scrum\\VieIset\\back\\controllers\\authController.js:261:60)\n    at process.processTicksAndRejections (node:internal/process/task_queues:95:5)"
},
{
  "timestamp": "2025-10-31T21:32:01.115Z",
  "method": "POST",
  "url": "/api/auth/google-login",
  "ip": "::1",
  "language": "fr,fr-FR;q=0.9,en;q=0.8,en-GB;q=0.7,en-US;q=0.6",
  "errorName": "ReferenceError",
  "errorType": "Unknown",
  "severity": "danger",
  "errorMessage": "picture is not defined",
  "stack": "ReferenceError: picture is not defined\n    at exports.googleLogin (C:\\Users\\dhaou\\OneDrive\\Desktop\\DSI3\\Sem1\\projet Scrum\\VieIset\\back\\controllers\\authController.js:261:60)\n    at process.processTicksAndRejections (node:internal/process/task_queues:95:5)"
},
{
  "timestamp": "2025-10-31T21:32:09.889Z",
  "method": "POST",
  "url": "/api/auth/google-login",
  "ip": "::1",
  "language": "fr,fr-FR;q=0.9,en;q=0.8,en-GB;q=0.7,en-US;q=0.6",
  "errorName": "ReferenceError",
  "errorType": "Unknown",
  "severity": "danger",
  "errorMessage": "picture is not defined",
  "stack": "ReferenceError: picture is not defined\n    at exports.googleLogin (C:\\Users\\dhaou\\OneDrive\\Desktop\\DSI3\\Sem1\\projet Scrum\\VieIset\\back\\controllers\\authController.js:261:60)\n    at process.processTicksAndRejections (node:internal/process/task_queues:95:5)"
},
{
  "timestamp": "2025-10-31T21:59:01.772Z",
  "method": "POST",
  "url": "/api/auth/google-login",
  "ip": "::1",
  "language": "fr,fr-FR;q=0.9,en;q=0.8,en-GB;q=0.7,en-US;q=0.6",
  "errorName": "ReferenceError",
  "errorType": "Unknown",
  "severity": "danger",
  "errorMessage": "picture is not defined",
  "stack": "ReferenceError: picture is not defined\n    at exports.googleLogin (C:\\Users\\dhaou\\OneDrive\\Desktop\\DSI3\\Sem1\\projet Scrum\\VieIset\\back\\controllers\\authController.js:261:60)\n    at process.processTicksAndRejections (node:internal/process/task_queues:95:5)"
},
